__________________
DRUM SOLUTIE:
Nod 1
>..######........##
>......v....####..<
..@###..#.###......
..#####..#........v
>.....<..##..#####.
###.#.>.........>..
###^#####....#####.
..###....^......<#.
>......#######>..#.
COST MUTARI: 0  NR. CAPTURED: 0

Nod 2
.>.######........##
.>..........####.<.
..####.v#.###......
..@####..#.........
.>...<...##..#####v
###^#..>.........>.
###.#####^...#####.
..###..........<.#.
.>.....#######.>.#.
COST MUTARI: 29  NR. CAPTURED: 0

Nod 3
..>######........##
..>.........####.>.
..####..#.###......
..#@###v.#.........
..>.<....##..#####.
###v#...>^........o
###.#####....#####.
..###.........<..#.
..>....#######..>#.
COST MUTARI: 58  NR. CAPTURED: 0

Nod 4
..<######........##
...>........####..>
..####..#.###......
..#####..#.........
...@...v.##..#####.
###.#....o........<
###v#####....#####v
..###........<...#.
...>...#######..<#.
COST MUTARI: 73  NR. CAPTURED: 2

Nod 5
.<.######........##
....>.......####..<
..####..#.###......
..#####..#.........
..@......##..#####.
###.#..v..>......<.
###^#####v...#####.
..###.......<....#v
....>..#######.<.#.
COST MUTARI: 86  NR. CAPTURED: 2

Nod 6
<..######........##
.....>......####.<.
..####..#.###......
..#####..#.........
.........##..#####.
##@^#..^...>....<..
###.#####....#####.
..###....v.<.....#^
.....>.#######<..#.
COST MUTARI: 111  NR. CAPTURED: 2

Nod 7
>..######........##
......>.....####.>.
..####..#.###......
..#####..#.........
.......^.##..#####.
###@#.......>...>..
###.#####....#####^
..###....^<......#.
.....<.#######>..#.
COST MUTARI: 124  NR. CAPTURED: 3

Nod 8
.>.######........##
.......>....####..>
..####..#.###......
..#####^.#.........
.........##..#####.
###.#.......<....>^
###@#####^...#####.
..###.....>......#.
....<..#######.>.#.
COST MUTARI: 136  NR. CAPTURED: 3

Nod 9
..>######........##
.......<....####..<
..####.^#.###......
..#####..#.........
.........##..#####^
###.#....^.<......>
###.@####....#####.
..###......>.....#.
...<...#######..>#.
COST MUTARI: 159  NR. CAPTURED: 3

Nod 10
..<######........##
......<^....####.<.
..####..#.###......
..#####..#........^
.........##..#####.
###.@....v<.......<
###.#####....#####.
..###.......>....#.
..<....#######..<#.
COST MUTARI: 182  NR. CAPTURED: 3

Nod 11
.<.######........##
.....<.v....####.>.
..####..#.###......
..#####..#........v
....@....##..#####.
###.#....<.......<.
###.#####v...#####.
..###........>...#.
.<.....#######.<.#.
COST MUTARI: 194  NR. CAPTURED: 3

Nod 12
<..######........##
....<.......####..>
..####.v#.###......
..#####..#.........
.....@...##..#####v
###.#...<.......<..
###.#####....#####.
..###....v....>..#.
<......#######<..#.
COST MUTARI: 206  NR. CAPTURED: 3

Nod 13
>..######........##
...<........####..<
..####..#.###......
..#####v.#.........
......@..##..#####.
###.#..<........>.v
###.#####....#####.
..###....^.....>.#.
>......#######>..#.
COST MUTARI: 218  NR. CAPTURED: 3

Nod 14
.>.######........##
..<.........####.<.
..####..#.###......
..#####..#.........
.......v.##..#####.
###.#.@..........>.
###.#####^...#####v
..###...........>#.
.>.....#######.>.#.
COST MUTARI: 230  NR. CAPTURED: 4

Nod 15
..>######........##
.<..........####.>.
..####..#.###......
..#####..#.........
.........##..#####.
###.#..@.^........>
###.#####....#####.
..###...........<#v
..>....#######..>#.
COST MUTARI: 241  NR. CAPTURED: 5

...######........##
............####...
..@###..#.###......
..@@###..#.........
..@@@@@..##..#####.
##@@@.@@...........
###@@####....#####.
..###............#.
.......#######...#.


__________________
DRUM SOLUTIE:
Nod 1
>..######........##
>......v....####..<
..@###..#.###......
..#####..#........v
>.....<..##..#####.
###.#.>.........>..
###^#####....#####.
..###....^......<#.
>......#######>..#.
COST MUTARI: 0  NR. CAPTURED: 0

Nod 2
.>.######........##
.>..........####.<.
..#@##.v#.###......
..#####..#.........
.>...<...##..#####v
###^#..>.........>.
###.#####^...#####.
..###..........<.#.
.>.....#######.>.#.
COST MUTARI: 29  NR. CAPTURED: 0

Nod 3
..>######........##
..>.........####.>.
..####..#.###......
..#@###v.#.........
..>.<....##..#####.
###v#...>^........o
###.#####....#####.
..###.........<..#.
..>....#######..>#.
COST MUTARI: 58  NR. CAPTURED: 0

Nod 4
..<######........##
...>........####..>
..####..#.###......
..#####..#.........
...@...v.##..#####.
###.#....o........<
###v#####....#####v
..###........<...#.
...>...#######..<#.
COST MUTARI: 73  NR. CAPTURED: 2

Nod 5
.<.######........##
....>.......####..<
..####..#.###......
..#####..#.........
..@......##..#####.
###.#..v..>......<.
###^#####v...#####.
..###.......<....#v
....>..#######.<.#.
COST MUTARI: 86  NR. CAPTURED: 2

Nod 6
<..######........##
.....>......####.<.
..####..#.###......
..#####..#.........
.........##..#####.
##@^#..^...>....<..
###.#####....#####.
..###....v.<.....#^
.....>.#######<..#.
COST MUTARI: 111  NR. CAPTURED: 2

Nod 7
>..######........##
......>.....####.>.
..####..#.###......
..#####..#.........
.......^.##..#####.
###@#.......>...>..
###.#####....#####^
..###....^<......#.
.....<.#######>..#.
COST MUTARI: 124  NR. CAPTURED: 3

Nod 8
.>.######........##
.......>....####..>
..####..#.###......
..#####^.#.........
.........##..#####.
###.#.......<....>^
###@#####^...#####.
..###.....>......#.
....<..#######.>.#.
COST MUTARI: 136  NR. CAPTURED: 3

Nod 9
..>######........##
.......<....####..<
..####.^#.###......
..#####..#.........
.........##..#####^
###.#....^.<......>
###.@####....#####.
..###......>.....#.
...<...#######..>#.
COST MUTARI: 159  NR. CAPTURED: 3

Nod 10
..<######........##
......<^....####.<.
..####..#.###......
..#####..#........^
.........##..#####.
###.@....v<.......<
###.#####....#####.
..###.......>....#.
..<....#######..<#.
COST MUTARI: 182  NR. CAPTURED: 3

Nod 11
.<.######........##
.....<.v....####.>.
..####..#.###......
..#####..#........v
....@....##..#####.
###.#....<.......<.
###.#####v...#####.
..###........>...#.
.<.....#######.<.#.
COST MUTARI: 194  NR. CAPTURED: 3

Nod 12
<..######........##
....<.......####..>
..####.v#.###......
..#####..#.........
.....@...##..#####v
###.#...<.......<..
###.#####....#####.
..###....v....>..#.
<......#######<..#.
COST MUTARI: 206  NR. CAPTURED: 3

Nod 13
>..######........##
...<........####..<
..####..#.###......
..#####v.#.........
......@..##..#####.
###.#..<........>.v
###.#####....#####.
..###....^.....>.#.
>......#######>..#.
COST MUTARI: 218  NR. CAPTURED: 3

Nod 14
.>.######........##
..<.........####.<.
..####..#.###......
..#####..#.........
.......v.##..#####.
###.#.@..........>.
###.#####^...#####v
..###...........>#.
.>.....#######.>.#.
COST MUTARI: 230  NR. CAPTURED: 4

Nod 15
..>######........##
.<..........####.>.
..####..#.###......
..#####..#.........
.........##..#####.
###.#..@.^........>
###.#####....#####.
..###...........<#v
..>....#######..>#.
COST MUTARI: 241  NR. CAPTURED: 5

...######........##
............####...
..@@##..#.###......
..#@###..#.........
..@@@@@..##..#####.
##@@@.@@...........
###@@####....#####.
..###............#.
.......#######...#.


